c:\dev\git\fusion3d\fusionlib\fusionlib\x64\debug\fusionlib.pch
c:\dev\git\fusion3d\fusionlib\fusionlib\x64\debug\stdafx.obj
c:\dev\git\fusion3d\fusionlib\fusionlib\x64\debug\fusionlib.pdb
c:\dev\git\fusion3d\fusionlib\fusionlib\x64\debug\graphrenderer.obj
c:\dev\git\fusion3d\fusionlib\fusionlib\x64\debug\graphnode.obj
c:\dev\git\fusion3d\fusionlib\fusionlib\x64\debug\graphicspipeline.obj
c:\dev\git\fusion3d\fusionlib\fusionlib\x64\debug\multipassrenderer.obj
c:\dev\git\fusion3d\fusionlib\fusionlib\x64\debug\vertexbuffer.obj
c:\dev\git\fusion3d\fusionlib\fusionlib\x64\debug\graphscene.obj
c:\dev\git\fusion3d\fusionlib\fusionlib\x64\debug\fusionapp.obj
c:\dev\git\fusion3d\fusionlib\fusionlib\x64\debug\effect.obj
c:\dev\git\fusion3d\fusionlib\x64\debug\fusionlib.lib
c:\dev\git\fusion3d\fusionlib\fusionlib\x64\debug\fusionlib.idb
c:\dev\git\fusion3d\fusionlib\fusionlib\x64\debug\fusionlib_ib_2.idb
c:\dev\git\fusion3d\fusionlib\fusionlib\x64\debug\fusionlib_ib_3.idb
c:\dev\git\fusion3d\fusionlib\fusionlib\x64\debug\fusionlib_ib_4.idb
c:\dev\git\fusion3d\fusionlib\fusionlib\x64\debug\fusionlib_ib_5.idb
c:\dev\git\fusion3d\fusionlib\fusionlib\x64\debug\fusionlib_ib_6.idb
c:\dev\git\fusion3d\fusionlib\fusionlib\x64\debug\fusionlib_ib_2.pdb
c:\dev\git\fusion3d\fusionlib\fusionlib\x64\debug\fusionlib_ib_3.pdb
c:\dev\git\fusion3d\fusionlib\fusionlib\x64\debug\fusionlib_ib_4.pdb
c:\dev\git\fusion3d\fusionlib\fusionlib\x64\debug\fusionlib_ib_5.pdb
c:\dev\git\fusion3d\fusionlib\fusionlib\x64\debug\fusionlib_ib_6.pdb
c:\dev\git\fusion3d\fusionlib\x64\debug\fusionlib.pdb
c:\dev\git\fusion3d\fusionlib\fusionlib\x64\debug\fusionlib.tlog\cl.command.1.tlog
c:\dev\git\fusion3d\fusionlib\fusionlib\x64\debug\fusionlib.tlog\cl.read.1.tlog
c:\dev\git\fusion3d\fusionlib\fusionlib\x64\debug\fusionlib.tlog\cl.write.1.tlog
c:\dev\git\fusion3d\fusionlib\fusionlib\x64\debug\fusionlib.tlog\lib-link.read.1.tlog
c:\dev\git\fusion3d\fusionlib\fusionlib\x64\debug\fusionlib.tlog\lib-link.write.1.tlog
c:\dev\git\fusion3d\fusionlib\fusionlib\x64\debug\fusionlib.tlog\lib.command.1.tlog
