C:\Program Files (x86)\Microsoft Visual Studio\Preview\Community\Common7\IDE\VC\VCTargets\Microsoft.CppClean.targets(76,5): warning : The process cannot access the file 'c:\dev\git\fusion3d_1\fusionlib\x64\debug\fusionlib.pdb' because it is being used by another process.
  stdafx.cpp
c:\dev\git\fusion3d_1\fusionlib\fusionlib\stdafx.h(18): warning C4067: unexpected tokens following preprocessor directive - expected a newline
c:\dev\git\fusion3d_1\fusionlib\fusionlib\entity.h(20): warning C4267: 'return': conversion from 'size_t' to 'int', possible loss of data
c:\dev\git\fusion3d_1\fusionlib\fusionlib\entity.h(24): warning C4267: 'return': conversion from 'size_t' to 'int', possible loss of data
  Common.cpp
  Effect.cpp
  Entity.cpp
  FusionApp.cpp
  GpuChain.cpp
  GraphicsPipeline.cpp
c:\dev\git\fusion3d_1\fusionlib\fusionlib\graphicspipeline.cpp(103): warning C4267: 'argument': conversion from 'size_t' to 'int', possible loss of data
  GraphNode.cpp
  GraphRenderer.cpp
  GraphScene.cpp
  MemBuffer.cpp
c:\dev\git\fusion3d_1\fusionlib\fusionlib\membuffer.cpp(12): warning C4101: 'data1': unreferenced local variable
  Mesh3D.cpp
  ModelImport.cpp
c:\dev\git\fusion3d_1\fusionlib\fusionlib\modelimport.cpp(122): warning C4018: '<': signed/unsigned mismatch
c:\dev\git\fusion3d_1\fusionlib\fusionlib\modelimport.cpp(134): warning C4018: '<': signed/unsigned mismatch
c:\dev\git\fusion3d_1\fusionlib\fusionlib\modelimport.cpp(173): warning C4018: '<': signed/unsigned mismatch
c:\dev\git\fusion3d_1\fusionlib\fusionlib\modelimport.cpp(196): warning C4018: '<': signed/unsigned mismatch
  MultiPassRenderer.cpp
  Texture2D.cpp
c:\dev\git\fusion3d_1\fusionlib\fusionlib\texture2d.cpp(93): warning C4244: 'argument': conversion from 'VkDeviceSize' to 'int', possible loss of data
  UniformBinder.cpp
  UniformBuffer.cpp
  VertexBuffer.cpp
c:\dev\git\fusion3d_1\fusionlib\fusionlib\vertexbuffer.cpp(32): warning C4267: 'argument': conversion from 'size_t' to 'int', possible loss of data
c:\dev\git\fusion3d_1\fusionlib\fusionlib\vertexbuffer.cpp(35): warning C4267: 'argument': conversion from 'size_t' to 'int', possible loss of data
c:\dev\git\fusion3d_1\fusionlib\fusionlib\vertexbuffer.cpp(54): warning C4244: 'argument': conversion from 'VkDeviceSize' to 'int', possible loss of data
c:\dev\git\fusion3d_1\fusionlib\fusionlib\vertexbuffer.cpp(58): warning C4244: 'argument': conversion from 'VkDeviceSize' to 'int', possible loss of data
  Generating Code...
assimp-vc140-mt.lib(assimp-vc140-mt.dll) : warning LNK4006: __NULL_IMPORT_DESCRIPTOR already defined in vulkan-1.lib(vulkan-1.dll); second definition ignored
assimp-vc140-mt.lib(assimp-vc140-mt.dll) : warning LNK4221: This object file does not define any previously undefined public symbols, so it will not be used by any link operation that consumes this library
  fusionlib.vcxproj -> C:\Dev\Git\fusion3d_1\fusionlib\x64\Debug\fusionlib.lib
